<?xml version="1.0" encoding="UTF-8"?>
<Testsuites>
    <Testsuite name="Testcase1" Tests="23" assertions="61" failures="0" errors="0" time="0.381570">
        <Testsuite name="Testcase1\Testcase1CopyTest"
                   file="/Users/amystephen/Sites/Filters/Tests/Testcase1/Testcase1CopyTest.php" namespace="Testcase1"
                   fullPackage="Testcase1" Tests="5" assertions="9" failures="0" errors="0" time="0.137538">
            <testcase name="testCopySuccessfulSingleFileBlankDirectory" class="Testcase1\Testcase1CopyTest"
                      file="/Users/amystephen/Sites/Filters/Tests/Testcase1/Testcase1CopyTest.php" line="32"
                      assertions="2" time="0.022688"/>
            <testcase name="testCopySuccessfulSingleFile" class="Testcase1\Testcase1CopyTest"
                      file="/Users/amystephen/Sites/Filters/Tests/Testcase1/Testcase1CopyTest.php" line="55"
                      assertions="2" time="0.031504"/>
            <testcase name="testCopySingleFolder" class="Testcase1\Testcase1CopyTest"
                      file="/Users/amystephen/Sites/Filters/Tests/Testcase1/Testcase1CopyTest.php" line="78"
                      assertions="2" time="0.012931"/>
            <testcase name="testCopyMultipleFolder" class="Testcase1\Testcase1CopyTest"
                      file="/Users/amystephen/Sites/Filters/Tests/Testcase1/Testcase1CopyTest.php" line="101"
                      assertions="2" time="0.060167"/>
            <testcase name="testCopyNotAFile" class="Testcase1\Testcase1CopyTest"
                      file="/Users/amystephen/Sites/Filters/Tests/Testcase1/Testcase1CopyTest.php" line="125"
                      assertions="1" time="0.010248"/>
        </Testsuite>
        <Testsuite name="Testcase1\Testcase1DeleteTest"
                   file="/Users/amystephen/Sites/Filters/Tests/Testcase1/Testcase1DeleteTest.php" namespace="Testcase1"
                   fullPackage="Testcase1" Tests="5" assertions="9" failures="0" errors="0" time="0.053708">
            <testcase name="testSuccessfulDeleteSingleFile" class="Testcase1\Testcase1DeleteTest"
                      file="/Users/amystephen/Sites/Filters/Tests/Testcase1/Testcase1DeleteTest.php" line="32"
                      assertions="2" time="0.011981"/>
            <testcase name="testDeleteSingleFolder" class="Testcase1\Testcase1DeleteTest"
                      file="/Users/amystephen/Sites/Filters/Tests/Testcase1/Testcase1DeleteTest.php" line="51"
                      assertions="2" time="0.010668"/>
            <testcase name="testDeleteMultipleFolderOnlyFiles" class="Testcase1\Testcase1DeleteTest"
                      file="/Users/amystephen/Sites/Filters/Tests/Testcase1/Testcase1DeleteTest.php" line="70"
                      assertions="2" time="0.010771"/>
            <testcase name="testDeleteMultipleFolderDeleteAll" class="Testcase1\Testcase1DeleteTest"
                      file="/Users/amystephen/Sites/Filters/Tests/Testcase1/Testcase1DeleteTest.php" line="90"
                      assertions="2" time="0.009951"/>
            <testcase name="testNotAFile" class="Testcase1\Testcase1DeleteTest"
                      file="/Users/amystephen/Sites/Filters/Tests/Testcase1/Testcase1DeleteTest.php" line="111"
                      assertions="1" time="0.010337"/>
        </Testsuite>
        <Testsuite name="Testcase1\Testcase1MoveTest"
                   file="/Users/amystephen/Sites/Filters/Tests/Testcase1/Testcase1MoveTest.php" namespace="Testcase1"
                   fullPackage="Testcase1" Tests="5" assertions="9" failures="0" errors="0" time="0.095946">
            <testcase name="testSuccessfulMoveSingleFileBlankDirectory" class="Testcase1\Testcase1MoveTest"
                      file="/Users/amystephen/Sites/Filters/Tests/Testcase1/Testcase1MoveTest.php" line="30"
                      assertions="2" time="0.013709"/>
            <testcase name="testSuccessfulMoveSingleFile" class="Testcase1\Testcase1MoveTest"
                      file="/Users/amystephen/Sites/Filters/Tests/Testcase1/Testcase1MoveTest.php" line="54"
                      assertions="2" time="0.013081"/>
            <testcase name="testMoveSingleFolder" class="Testcase1\Testcase1MoveTest"
                      file="/Users/amystephen/Sites/Filters/Tests/Testcase1/Testcase1MoveTest.php" line="77"
                      assertions="2" time="0.013639"/>
            <testcase name="testMoveMultipleFolder" class="Testcase1\Testcase1MoveTest"
                      file="/Users/amystephen/Sites/Filters/Tests/Testcase1/Testcase1MoveTest.php" line="100"
                      assertions="2" time="0.044973"/>
            <testcase name="testNotAFile" class="Testcase1\Testcase1MoveTest"
                      file="/Users/amystephen/Sites/Filters/Tests/Testcase1/Testcase1MoveTest.php" line="124"
                      assertions="1" time="0.010544"/>
        </Testsuite>
        <Testsuite name="Testcase1\Testcase1ReadTest"
                   file="/Users/amystephen/Sites/Filters/Tests/Testcase1/Testcase1ReadTest.php" namespace="Testcase1"
                   fullPackage="Testcase1" Tests="3" assertions="25" failures="0" errors="0" time="0.034689">
            <testcase name="testReadSuccessful" class="Testcase1\Testcase1ReadTest"
                      file="/Users/amystephen/Sites/Filters/Tests/Testcase1/Testcase1ReadTest.php" line="31"
                      assertions="23" time="0.010709"/>
            <testcase name="testReadUnsuccessful" class="Testcase1\Testcase1ReadTest"
                      file="/Users/amystephen/Sites/Filters/Tests/Testcase1/Testcase1ReadTest.php" line="77"
                      assertions="1" time="0.011179"/>
            <testcase name="testReadNotAFile" class="Testcase1\Testcase1ReadTest"
                      file="/Users/amystephen/Sites/Filters/Tests/Testcase1/Testcase1ReadTest.php" line="89"
                      assertions="1" time="0.012801"/>
        </Testsuite>
        <Testsuite name="Testcase1\Testcase1WriteTest"
                   file="/Users/amystephen/Sites/Filters/Tests/Testcase1/Testcase1WriteTest.php" namespace="Testcase1"
                   fullPackage="Testcase1" Tests="5" assertions="9" failures="0" errors="0" time="0.059689">
            <testcase name="testSuccessfulWrite" class="Testcase1\Testcase1WriteTest"
                      file="/Users/amystephen/Sites/Filters/Tests/Testcase1/Testcase1WriteTest.php" line="30"
                      assertions="2" time="0.012445"/>
            <testcase name="testSuccessfulRewrite" class="Testcase1\Testcase1WriteTest"
                      file="/Users/amystephen/Sites/Filters/Tests/Testcase1/Testcase1WriteTest.php" line="59"
                      assertions="2" time="0.012362"/>
            <testcase name="testUnsuccessfulRewrite" class="Testcase1\Testcase1WriteTest"
                      file="/Users/amystephen/Sites/Filters/Tests/Testcase1/Testcase1WriteTest.php" line="89"
                      assertions="1" time="0.012905"/>
            <testcase name="testWriteSingleFolder" class="Testcase1\Testcase1WriteTest"
                      file="/Users/amystephen/Sites/Filters/Tests/Testcase1/Testcase1WriteTest.php" line="109"
                      assertions="2" time="0.011164"/>
            <testcase name="testWriteMultipleFolders" class="Testcase1\Testcase1WriteTest"
                      file="/Users/amystephen/Sites/Filters/Tests/Testcase1/Testcase1WriteTest.php" line="136"
                      assertions="2" time="0.010813"/>
        </Testsuite>
    </Testsuite>
</Testsuites>
